<?xml version="1.0" encoding="UTF-8"?>
<testng-results total="7" passed="6" failed="1" skipped="0">
  <reporter-output>
  </reporter-output>
  <suite started-at="2023-10-22T18:12:27Z" name="Default suite" finished-at="2023-10-22T18:12:35Z" duration-ms="7331">
    <groups>
      <group name="cucumber">
        <method signature="AbstractTestNGCucumberTests.runScenario(io.cucumber.testng.PickleWrapper, io.cucumber.testng.FeatureWrapper)[pri:0, instance:com.sdetlabs.cucumber.runner.CucumberRunner@645aa696]" name="runScenario" class="io.cucumber.testng.AbstractTestNGCucumberTests"/>
      </group> <!-- cucumber -->
    </groups>
    <test started-at="2023-10-22T18:12:27Z" name="Default test" finished-at="2023-10-22T18:12:35Z" duration-ms="7331">
      <class name="com.sdetlabs.cucumber.runner.CucumberRunner">
        <test-method is-config="true" signature="setUpClass(org.testng.ITestContext)[pri:0, instance:com.sdetlabs.cucumber.runner.CucumberRunner@645aa696]" started-at="2023-10-22T21:12:27Z" name="setUpClass" finished-at="2023-10-22T21:12:28Z" duration-ms="241" status="PASS">
          <params>
            <param index="0">
              <value>
                <![CDATA[org.testng.TestRunner@64deb58f]]>
              </value>
            </param>
          </params>
          <reporter-output>
          </reporter-output>
        </test-method> <!-- setUpClass -->
        <test-method signature="runScenario(io.cucumber.testng.PickleWrapper, io.cucumber.testng.FeatureWrapper)[pri:0, instance:com.sdetlabs.cucumber.runner.CucumberRunner@645aa696]" started-at="2023-10-22T21:12:28Z" name="runScenario" description="Runs Cucumber Scenarios" data-provider="scenarios" finished-at="2023-10-22T21:12:29Z" duration-ms="1433" status="PASS">
          <params>
            <param index="0">
              <value>
                <![CDATA["Verify Status Codes of Soap Requests to Calculator site."]]>
              </value>
            </param>
            <param index="1">
              <value>
                <![CDATA["Calculator"]]>
              </value>
            </param>
          </params>
          <reporter-output>
          </reporter-output>
        </test-method> <!-- runScenario -->
        <test-method signature="runScenario(io.cucumber.testng.PickleWrapper, io.cucumber.testng.FeatureWrapper)[pri:0, instance:com.sdetlabs.cucumber.runner.CucumberRunner@645aa696]" started-at="2023-10-22T21:12:29Z" name="runScenario" description="Runs Cucumber Scenarios" data-provider="scenarios" finished-at="2023-10-22T21:12:30Z" duration-ms="977" status="FAIL">
          <params>
            <param index="0">
              <value>
                <![CDATA["Verify Status Codes of Soap Requests to Calculator site."]]>
              </value>
            </param>
            <param index="1">
              <value>
                <![CDATA["Calculator"]]>
              </value>
            </param>
          </params>
          <exception class="java.lang.AssertionError">
            <message>
              <![CDATA[expected [201] but found [500]]]>
            </message>
            <full-stacktrace>
              <![CDATA[java.lang.AssertionError: expected [201] but found [500]
	at org.testng.Assert.fail(Assert.java:94)
	at org.testng.Assert.failNotEquals(Assert.java:513)
	at org.testng.Assert.assertEqualsImpl(Assert.java:135)
	at org.testng.Assert.assertEquals(Assert.java:116)
	at org.testng.Assert.assertEquals(Assert.java:179)
	at com.sdetlabs.cucumber.stepdefinitions.StepDefinitions.the_status_code_should_be(StepDefinitions.java:56)
	at âœ½.the status code should be 201(classpath:features/Calculator.feature:6)
]]>
            </full-stacktrace>
          </exception> <!-- java.lang.AssertionError -->
          <reporter-output>
          </reporter-output>
        </test-method> <!-- runScenario -->
        <test-method signature="runScenario(io.cucumber.testng.PickleWrapper, io.cucumber.testng.FeatureWrapper)[pri:0, instance:com.sdetlabs.cucumber.runner.CucumberRunner@645aa696]" started-at="2023-10-22T21:12:30Z" name="runScenario" description="Runs Cucumber Scenarios" data-provider="scenarios" finished-at="2023-10-22T21:12:32Z" duration-ms="1942" status="PASS">
          <params>
            <param index="0">
              <value>
                <![CDATA["Verify Status Codes of Rest Assured Requests to Json Place Holder site."]]>
              </value>
            </param>
            <param index="1">
              <value>
                <![CDATA["JsonPlaceHolder"]]>
              </value>
            </param>
          </params>
          <reporter-output>
          </reporter-output>
        </test-method> <!-- runScenario -->
        <test-method signature="runScenario(io.cucumber.testng.PickleWrapper, io.cucumber.testng.FeatureWrapper)[pri:0, instance:com.sdetlabs.cucumber.runner.CucumberRunner@645aa696]" started-at="2023-10-22T21:12:32Z" name="runScenario" description="Runs Cucumber Scenarios" data-provider="scenarios" finished-at="2023-10-22T21:12:32Z" duration-ms="621" status="PASS">
          <params>
            <param index="0">
              <value>
                <![CDATA["Verify Status Codes of Rest Assured Requests to Json Place Holder site."]]>
              </value>
            </param>
            <param index="1">
              <value>
                <![CDATA["JsonPlaceHolder"]]>
              </value>
            </param>
          </params>
          <reporter-output>
          </reporter-output>
        </test-method> <!-- runScenario -->
        <test-method signature="runScenario(io.cucumber.testng.PickleWrapper, io.cucumber.testng.FeatureWrapper)[pri:0, instance:com.sdetlabs.cucumber.runner.CucumberRunner@645aa696]" started-at="2023-10-22T21:12:33Z" name="runScenario" description="Runs Cucumber Scenarios" data-provider="scenarios" finished-at="2023-10-22T21:12:33Z" duration-ms="685" status="PASS">
          <params>
            <param index="0">
              <value>
                <![CDATA["Verify Status Codes of Rest Assured Requests to Json Place Holder site."]]>
              </value>
            </param>
            <param index="1">
              <value>
                <![CDATA["JsonPlaceHolder"]]>
              </value>
            </param>
          </params>
          <reporter-output>
          </reporter-output>
        </test-method> <!-- runScenario -->
        <test-method signature="runScenario(io.cucumber.testng.PickleWrapper, io.cucumber.testng.FeatureWrapper)[pri:0, instance:com.sdetlabs.cucumber.runner.CucumberRunner@645aa696]" started-at="2023-10-22T21:12:33Z" name="runScenario" description="Runs Cucumber Scenarios" data-provider="scenarios" finished-at="2023-10-22T21:12:34Z" duration-ms="606" status="PASS">
          <params>
            <param index="0">
              <value>
                <![CDATA["Verify Status Codes of Rest Assured Requests to Json Place Holder site."]]>
              </value>
            </param>
            <param index="1">
              <value>
                <![CDATA["JsonPlaceHolder"]]>
              </value>
            </param>
          </params>
          <reporter-output>
          </reporter-output>
        </test-method> <!-- runScenario -->
        <test-method signature="runScenario(io.cucumber.testng.PickleWrapper, io.cucumber.testng.FeatureWrapper)[pri:0, instance:com.sdetlabs.cucumber.runner.CucumberRunner@645aa696]" started-at="2023-10-22T21:12:34Z" name="runScenario" description="Runs Cucumber Scenarios" data-provider="scenarios" finished-at="2023-10-22T21:12:35Z" duration-ms="784" status="PASS">
          <params>
            <param index="0">
              <value>
                <![CDATA["Verify Status Codes of Rest Assured Requests to Json Place Holder site."]]>
              </value>
            </param>
            <param index="1">
              <value>
                <![CDATA["JsonPlaceHolder"]]>
              </value>
            </param>
          </params>
          <reporter-output>
          </reporter-output>
        </test-method> <!-- runScenario -->
        <test-method is-config="true" signature="tearDownClass()[pri:0, instance:com.sdetlabs.cucumber.runner.CucumberRunner@645aa696]" started-at="2023-10-22T21:12:35Z" name="tearDownClass" finished-at="2023-10-22T21:12:35Z" duration-ms="7" status="PASS">
          <reporter-output>
          </reporter-output>
        </test-method> <!-- tearDownClass -->
      </class> <!-- com.sdetlabs.cucumber.runner.CucumberRunner -->
    </test> <!-- Default test -->
  </suite> <!-- Default suite -->
</testng-results>
