<?xml version="1.0" encoding="UTF-8"?>
<testng-results total="7" passed="6" failed="1" skipped="0">
  <reporter-output>
  </reporter-output>
  <suite started-at="2023-10-22T18:16:43Z" name="Surefire suite" finished-at="2023-10-22T18:16:50Z" duration-ms="7089">
    <groups>
    </groups>
    <test started-at="2023-10-22T18:16:43Z" name="Surefire test" finished-at="2023-10-22T18:16:50Z" duration-ms="7089">
      <class name="com.sdetlabs.SoapWSTest">
        <test-method signature="GetRequestTest()[pri:0, instance:com.sdetlabs.SoapWSTest@276438c9]" started-at="2023-10-22T21:16:48Z" name="GetRequestTest" finished-at="2023-10-22T21:16:49Z" duration-ms="1063" status="PASS">
          <reporter-output>
          </reporter-output>
        </test-method> <!-- GetRequestTest -->
        <test-method signature="PostRequestTest()[pri:0, instance:com.sdetlabs.SoapWSTest@276438c9]" started-at="2023-10-22T21:16:49Z" name="PostRequestTest" finished-at="2023-10-22T21:16:50Z" duration-ms="948" status="FAIL">
          <exception class="java.lang.AssertionError">
            <message>
              <![CDATA[expected [201] but found [500]]]>
            </message>
            <full-stacktrace>
              <![CDATA[java.lang.AssertionError: expected [201] but found [500]
	at org.testng.Assert.fail(Assert.java:94)
	at org.testng.Assert.failNotEquals(Assert.java:513)
	at org.testng.Assert.assertEqualsImpl(Assert.java:135)
	at org.testng.Assert.assertEquals(Assert.java:116)
	at org.testng.Assert.assertEquals(Assert.java:389)
	at org.testng.Assert.assertEquals(Assert.java:399)
	at com.sdetlabs.SoapWSTest.PostRequestTest(SoapWSTest.java:15)
	at java.base/jdk.internal.reflect.DirectMethodHandleAccessor.invoke(DirectMethodHandleAccessor.java:103)
	at java.base/java.lang.reflect.Method.invoke(Method.java:580)
	at org.testng.internal.MethodInvocationHelper.invokeMethod(MethodInvocationHelper.java:86)
	at org.testng.internal.Invoker.invokeMethod(Invoker.java:643)
	at org.testng.internal.Invoker.invokeTestMethod(Invoker.java:820)
	at org.testng.internal.Invoker.invokeTestMethods(Invoker.java:1128)
	at org.testng.internal.TestMethodWorker.invokeTestMethods(TestMethodWorker.java:129)
	at org.testng.internal.TestMethodWorker.run(TestMethodWorker.java:112)
	at org.testng.TestRunner.privateRun(TestRunner.java:782)
	at org.testng.TestRunner.run(TestRunner.java:632)
	at org.testng.SuiteRunner.runTest(SuiteRunner.java:366)
	at org.testng.SuiteRunner.runSequentially(SuiteRunner.java:361)
	at org.testng.SuiteRunner.privateRun(SuiteRunner.java:319)
	at org.testng.SuiteRunner.run(SuiteRunner.java:268)
	at org.testng.SuiteRunnerWorker.runSuite(SuiteRunnerWorker.java:52)
	at org.testng.SuiteRunnerWorker.run(SuiteRunnerWorker.java:86)
	at org.testng.TestNG.runSuitesSequentially(TestNG.java:1244)
	at org.testng.TestNG.runSuitesLocally(TestNG.java:1169)
	at org.testng.TestNG.run(TestNG.java:1064)
	at org.apache.maven.surefire.testng.TestNGExecutor.run(TestNGExecutor.java:155)
	at org.apache.maven.surefire.testng.TestNGDirectoryTestSuite.executeMulti(TestNGDirectoryTestSuite.java:169)
	at org.apache.maven.surefire.testng.TestNGDirectoryTestSuite.execute(TestNGDirectoryTestSuite.java:88)
	at org.apache.maven.surefire.testng.TestNGProvider.invoke(TestNGProvider.java:137)
	at org.apache.maven.surefire.booter.ForkedBooter.runSuitesInProcess(ForkedBooter.java:385)
	at org.apache.maven.surefire.booter.ForkedBooter.execute(ForkedBooter.java:162)
	at org.apache.maven.surefire.booter.ForkedBooter.run(ForkedBooter.java:507)
	at org.apache.maven.surefire.booter.ForkedBooter.main(ForkedBooter.java:495)
]]>
            </full-stacktrace>
          </exception> <!-- java.lang.AssertionError -->
          <reporter-output>
          </reporter-output>
        </test-method> <!-- PostRequestTest -->
      </class> <!-- com.sdetlabs.SoapWSTest -->
      <class name="com.sdetlabs.RestfulWSTest">
        <test-method is-config="true" signature="beforeTest()[pri:0, instance:com.sdetlabs.RestfulWSTest@40f08448]" started-at="2023-10-22T21:16:43Z" name="beforeTest" finished-at="2023-10-22T21:16:44Z" duration-ms="649" status="PASS">
          <reporter-output>
          </reporter-output>
        </test-method> <!-- beforeTest -->
        <test-method signature="DeleteRequestTest()[pri:0, instance:com.sdetlabs.RestfulWSTest@40f08448]" started-at="2023-10-22T21:16:44Z" name="DeleteRequestTest" finished-at="2023-10-22T21:16:46Z" duration-ms="1983" status="PASS">
          <reporter-output>
          </reporter-output>
        </test-method> <!-- DeleteRequestTest -->
        <test-method signature="GetRequestTest()[pri:0, instance:com.sdetlabs.RestfulWSTest@40f08448]" started-at="2023-10-22T21:16:46Z" name="GetRequestTest" finished-at="2023-10-22T21:16:46Z" duration-ms="438" status="PASS">
          <reporter-output>
          </reporter-output>
        </test-method> <!-- GetRequestTest -->
        <test-method signature="PatchRequestTest()[pri:0, instance:com.sdetlabs.RestfulWSTest@40f08448]" started-at="2023-10-22T21:16:46Z" name="PatchRequestTest" finished-at="2023-10-22T21:16:47Z" duration-ms="679" status="PASS">
          <reporter-output>
          </reporter-output>
        </test-method> <!-- PatchRequestTest -->
        <test-method signature="PostRequestTest()[pri:0, instance:com.sdetlabs.RestfulWSTest@40f08448]" started-at="2023-10-22T21:16:47Z" name="PostRequestTest" finished-at="2023-10-22T21:16:48Z" duration-ms="619" status="PASS">
          <reporter-output>
          </reporter-output>
        </test-method> <!-- PostRequestTest -->
        <test-method signature="PutRequestTest()[pri:0, instance:com.sdetlabs.RestfulWSTest@40f08448]" started-at="2023-10-22T21:16:48Z" name="PutRequestTest" finished-at="2023-10-22T21:16:48Z" duration-ms="688" status="PASS">
          <reporter-output>
          </reporter-output>
        </test-method> <!-- PutRequestTest -->
      </class> <!-- com.sdetlabs.RestfulWSTest -->
    </test> <!-- Surefire test -->
  </suite> <!-- Surefire suite -->
</testng-results>
