<html>
<head>
<title>TestNG:  Surefire test</title>
<link href="../testng.css" rel="stylesheet" type="text/css" />
<link href="../my-testng.css" rel="stylesheet" type="text/css" />

<style type="text/css">
.log { display: none;} 
.stack-trace { display: none;} 
</style>
<script type="text/javascript">
<!--
function flip(e) {
  current = e.style.display;
  if (current == 'block') {
    e.style.display = 'none';
    return 0;
  }
  else {
    e.style.display = 'block';
    return 1;
  }
}

function toggleBox(szDivId, elem, msg1, msg2)
{
  var res = -1;  if (document.getElementById) {
    res = flip(document.getElementById(szDivId));
  }
  else if (document.all) {
    // this is the way old msie versions work
    res = flip(document.all[szDivId]);
  }
  if(elem) {
    if(res == 0) elem.innerHTML = msg1; else elem.innerHTML = msg2;
  }

}

function toggleAllBoxes() {
  if (document.getElementsByTagName) {
    d = document.getElementsByTagName('div');
    for (i = 0; i < d.length; i++) {
      if (d[i].className == 'log') {
        flip(d[i]);
      }
    }
  }
}

// -->
</script>

</head>
<body>
<h2 align='center'>Surefire test</h2><table border='1' align="center">
<tr>
<td>Tests passed/Failed/Skipped:</td><td>6/1/0</td>
</tr><tr>
<td>Started on:</td><td>Sun Oct 22 21:16:43 IDT 2023</td>
</tr>
<tr><td>Total time:</td><td>7 seconds (7089 ms)</td>
</tr><tr>
<td>Included groups:</td><td></td>
</tr><tr>
<td>Excluded groups:</td><td></td>
</tr>
</table><p/>
<small><i>(Hover the method name to see the test class name)</i></small><p/>
<table width='100%' border='1' class='invocation-failed'>
<tr><td colspan='4' align='center'><b>FAILED TESTS</b></td></tr>
<tr><td><b>Test method</b></td>
<td width="30%"><b>Exception</b></td>
<td width="10%"><b>Time (seconds)</b></td>
<td><b>Instance</b></td>
</tr>
<tr>
<td title='com.sdetlabs.SoapWSTest.PostRequestTest()'><b>PostRequestTest</b><br>Test class: com.sdetlabs.SoapWSTest</td>
<td><div><pre>java.lang.AssertionError: expected [201] but found [500]
	at com.sdetlabs.SoapWSTest.PostRequestTest(SoapWSTest.java:15)
... Removed 33 stack frames</pre></div><a href='#' onClick='toggleBox("stack-trace698437724", this, "Click to show all stack frames", "Click to hide stack frames")'>Click to show all stack frames</a>
<div class='stack-trace' id='stack-trace698437724'><pre>java.lang.AssertionError: expected [201] but found [500]
	at org.testng.Assert.fail(Assert.java:94)
	at org.testng.Assert.failNotEquals(Assert.java:513)
	at org.testng.Assert.assertEqualsImpl(Assert.java:135)
	at org.testng.Assert.assertEquals(Assert.java:116)
	at org.testng.Assert.assertEquals(Assert.java:389)
	at org.testng.Assert.assertEquals(Assert.java:399)
	at com.sdetlabs.SoapWSTest.PostRequestTest(SoapWSTest.java:15)
	at java.base/jdk.internal.reflect.DirectMethodHandleAccessor.invoke(DirectMethodHandleAccessor.java:103)
	at java.base/java.lang.reflect.Method.invoke(Method.java:580)
	at org.testng.internal.MethodInvocationHelper.invokeMethod(MethodInvocationHelper.java:86)
	at org.testng.internal.Invoker.invokeMethod(Invoker.java:643)
	at org.testng.internal.Invoker.invokeTestMethod(Invoker.java:820)
	at org.testng.internal.Invoker.invokeTestMethods(Invoker.java:1128)
	at org.testng.internal.TestMethodWorker.invokeTestMethods(TestMethodWorker.java:129)
	at org.testng.internal.TestMethodWorker.run(TestMethodWorker.java:112)
	at org.testng.TestRunner.privateRun(TestRunner.java:782)
	at org.testng.TestRunner.run(TestRunner.java:632)
	at org.testng.SuiteRunner.runTest(SuiteRunner.java:366)
	at org.testng.SuiteRunner.runSequentially(SuiteRunner.java:361)
	at org.testng.SuiteRunner.privateRun(SuiteRunner.java:319)
	at org.testng.SuiteRunner.run(SuiteRunner.java:268)
	at org.testng.SuiteRunnerWorker.runSuite(SuiteRunnerWorker.java:52)
	at org.testng.SuiteRunnerWorker.run(SuiteRunnerWorker.java:86)
	at org.testng.TestNG.runSuitesSequentially(TestNG.java:1244)
	at org.testng.TestNG.runSuitesLocally(TestNG.java:1169)
	at org.testng.TestNG.run(TestNG.java:1064)
	at org.apache.maven.surefire.testng.TestNGExecutor.run(TestNGExecutor.java:155)
	at org.apache.maven.surefire.testng.TestNGDirectoryTestSuite.executeMulti(TestNGDirectoryTestSuite.java:169)
	at org.apache.maven.surefire.testng.TestNGDirectoryTestSuite.execute(TestNGDirectoryTestSuite.java:88)
	at org.apache.maven.surefire.testng.TestNGProvider.invoke(TestNGProvider.java:137)
	at org.apache.maven.surefire.booter.ForkedBooter.runSuitesInProcess(ForkedBooter.java:385)
	at org.apache.maven.surefire.booter.ForkedBooter.execute(ForkedBooter.java:162)
	at org.apache.maven.surefire.booter.ForkedBooter.run(ForkedBooter.java:507)
	at org.apache.maven.surefire.booter.ForkedBooter.main(ForkedBooter.java:495)
</pre></div></td>
<td>0</td>
<td>com.sdetlabs.SoapWSTest@276438c9</td></tr>
</table><p>
<table width='100%' border='1' class='invocation-passed'>
<tr><td colspan='4' align='center'><b>PASSED TESTS</b></td></tr>
<tr><td><b>Test method</b></td>
<td width="30%"><b>Exception</b></td>
<td width="10%"><b>Time (seconds)</b></td>
<td><b>Instance</b></td>
</tr>
<tr>
<td title='com.sdetlabs.RestfulWSTest.DeleteRequestTest()'><b>DeleteRequestTest</b><br>Test class: com.sdetlabs.RestfulWSTest</td>
<td></td>
<td>1</td>
<td>com.sdetlabs.RestfulWSTest@40f08448</td></tr>
<tr>
<td title='com.sdetlabs.RestfulWSTest.GetRequestTest()'><b>GetRequestTest</b><br>Test class: com.sdetlabs.RestfulWSTest</td>
<td></td>
<td>0</td>
<td>com.sdetlabs.RestfulWSTest@40f08448</td></tr>
<tr>
<td title='com.sdetlabs.SoapWSTest.GetRequestTest()'><b>GetRequestTest</b><br>Test class: com.sdetlabs.SoapWSTest</td>
<td></td>
<td>1</td>
<td>com.sdetlabs.SoapWSTest@276438c9</td></tr>
<tr>
<td title='com.sdetlabs.RestfulWSTest.PatchRequestTest()'><b>PatchRequestTest</b><br>Test class: com.sdetlabs.RestfulWSTest</td>
<td></td>
<td>0</td>
<td>com.sdetlabs.RestfulWSTest@40f08448</td></tr>
<tr>
<td title='com.sdetlabs.RestfulWSTest.PostRequestTest()'><b>PostRequestTest</b><br>Test class: com.sdetlabs.RestfulWSTest</td>
<td></td>
<td>0</td>
<td>com.sdetlabs.RestfulWSTest@40f08448</td></tr>
<tr>
<td title='com.sdetlabs.RestfulWSTest.PutRequestTest()'><b>PutRequestTest</b><br>Test class: com.sdetlabs.RestfulWSTest</td>
<td></td>
<td>0</td>
<td>com.sdetlabs.RestfulWSTest@40f08448</td></tr>
</table><p>
</body>
</html>