<?xml version="1.0" encoding="UTF-8"?>
<!-- Generated by org.testng.reporters.JUnitXMLReporter -->
<testsuite hostname="DVCINH6098168" failures="1" tests="7" name="Surefire test" time="7.089" errors="0" timestamp="22 Oct 2023 18:16:50 GMT">
  <testcase classname="com.sdetlabs.RestfulWSTest" name="DeleteRequestTest" time="1.983"/>
  <testcase classname="com.sdetlabs.RestfulWSTest" name="GetRequestTest" time="0.438"/>
  <testcase classname="com.sdetlabs.RestfulWSTest" name="PatchRequestTest" time="0.679"/>
  <testcase classname="com.sdetlabs.RestfulWSTest" name="PostRequestTest" time="0.619"/>
  <testcase classname="com.sdetlabs.RestfulWSTest" name="PutRequestTest" time="0.688"/>
  <testcase classname="com.sdetlabs.SoapWSTest" name="GetRequestTest" time="1.063"/>
  <testcase classname="com.sdetlabs.SoapWSTest" name="PostRequestTest" time="0.948">
    <failure type="java.lang.AssertionError" message="expected [201] but found [500]">
      <![CDATA[java.lang.AssertionError: expected [201] but found [500]
	at com.sdetlabs.SoapWSTest.PostRequestTest(SoapWSTest.java:15)
... Removed 33 stack frames]]>
    </failure>
  </testcase> <!-- PostRequestTest -->
</testsuite> <!-- Surefire test -->
