<html>
<head>
<title>TestNG:  Default test</title>
<link href="../testng.css" rel="stylesheet" type="text/css" />
<link href="../my-testng.css" rel="stylesheet" type="text/css" />

<style type="text/css">
.log { display: none;} 
.stack-trace { display: none;} 
</style>
<script type="text/javascript">
<!--
function flip(e) {
  current = e.style.display;
  if (current == 'block') {
    e.style.display = 'none';
    return 0;
  }
  else {
    e.style.display = 'block';
    return 1;
  }
}

function toggleBox(szDivId, elem, msg1, msg2)
{
  var res = -1;  if (document.getElementById) {
    res = flip(document.getElementById(szDivId));
  }
  else if (document.all) {
    // this is the way old msie versions work
    res = flip(document.all[szDivId]);
  }
  if(elem) {
    if(res == 0) elem.innerHTML = msg1; else elem.innerHTML = msg2;
  }

}

function toggleAllBoxes() {
  if (document.getElementsByTagName) {
    d = document.getElementsByTagName('div');
    for (i = 0; i < d.length; i++) {
      if (d[i].className == 'log') {
        flip(d[i]);
      }
    }
  }
}

// -->
</script>

</head>
<body>
<h2 align='center'>Default test</h2><table border='1' align="center">
<tr>
<td>Tests passed/Failed/Skipped:</td><td>6/1/0</td>
</tr><tr>
<td>Started on:</td><td>Sun Oct 22 21:12:27 IDT 2023</td>
</tr>
<tr><td>Total time:</td><td>7 seconds (7331 ms)</td>
</tr><tr>
<td>Included groups:</td><td></td>
</tr><tr>
<td>Excluded groups:</td><td></td>
</tr>
</table><p/>
<small><i>(Hover the method name to see the test class name)</i></small><p/>
<table width='100%' border='1' class='invocation-failed'>
<tr><td colspan='4' align='center'><b>FAILED TESTS</b></td></tr>
<tr><td><b>Test method</b></td>
<td width="30%"><b>Exception</b></td>
<td width="10%"><b>Time (seconds)</b></td>
<td><b>Instance</b></td>
</tr>
<tr>
<td title='com.sdetlabs.cucumber.runner.CucumberRunner.runScenario()'><b>runScenario</b><br>Test class: com.sdetlabs.cucumber.runner.CucumberRunner<br>Test method: Runs Cucumber Scenarios<br>Parameters: "Verify Status Codes of Soap Requests to Calculator site.", "Calculator"</td>
<td><div><pre>java.lang.AssertionError: expected [201] but found [500]
	at org.testng.Assert.fail(Assert.java:94)
	at org.testng.Assert.failNotEquals(Assert.java:513)
	at org.testng.Assert.assertEqualsImpl(Assert.java:135)
	at org.testng.Assert.assertEquals(Assert.java:116)
	at org.testng.Assert.assertEquals(Assert.java:179)
	at com.sdetlabs.cucumber.stepdefinitions.StepDefinitions.the_status_code_should_be(StepDefinitions.java:56)
	at ?.the status code should be 201(classpath:features/Calculator.feature:6)
</pre></div><a href='#' onClick='toggleBox("stack-trace1751403001", this, "Click to show all stack frames", "Click to hide stack frames")'>Click to show all stack frames</a>
<div class='stack-trace' id='stack-trace1751403001'><pre>java.lang.AssertionError: expected [201] but found [500]
	at org.testng.Assert.fail(Assert.java:94)
	at org.testng.Assert.failNotEquals(Assert.java:513)
	at org.testng.Assert.assertEqualsImpl(Assert.java:135)
	at org.testng.Assert.assertEquals(Assert.java:116)
	at org.testng.Assert.assertEquals(Assert.java:179)
	at com.sdetlabs.cucumber.stepdefinitions.StepDefinitions.the_status_code_should_be(StepDefinitions.java:56)
	at ?.the status code should be 201(classpath:features/Calculator.feature:6)
</pre></div></td>
<td>0</td>
<td>com.sdetlabs.cucumber.runner.CucumberRunner@645aa696</td></tr>
</table><p>
<table width='100%' border='1' class='invocation-passed'>
<tr><td colspan='4' align='center'><b>PASSED TESTS</b></td></tr>
<tr><td><b>Test method</b></td>
<td width="30%"><b>Exception</b></td>
<td width="10%"><b>Time (seconds)</b></td>
<td><b>Instance</b></td>
</tr>
<tr>
<td title='com.sdetlabs.cucumber.runner.CucumberRunner.runScenario()'><b>runScenario</b><br>Test class: com.sdetlabs.cucumber.runner.CucumberRunner<br>Test method: Runs Cucumber Scenarios<br>Parameters: "Verify Status Codes of Soap Requests to Calculator site.", "Calculator"</td>
<td></td>
<td>1</td>
<td>com.sdetlabs.cucumber.runner.CucumberRunner@645aa696</td></tr>
<tr>
<td title='com.sdetlabs.cucumber.runner.CucumberRunner.runScenario()'><b>runScenario</b><br>Test class: com.sdetlabs.cucumber.runner.CucumberRunner<br>Test method: Runs Cucumber Scenarios<br>Parameters: "Verify Status Codes of Rest Assured Requests to Json Place Holder site.", "JsonPlaceHolder"</td>
<td></td>
<td>1</td>
<td>com.sdetlabs.cucumber.runner.CucumberRunner@645aa696</td></tr>
<tr>
<td title='com.sdetlabs.cucumber.runner.CucumberRunner.runScenario()'><b>runScenario</b><br>Test class: com.sdetlabs.cucumber.runner.CucumberRunner<br>Test method: Runs Cucumber Scenarios<br>Parameters: "Verify Status Codes of Rest Assured Requests to Json Place Holder site.", "JsonPlaceHolder"</td>
<td></td>
<td>0</td>
<td>com.sdetlabs.cucumber.runner.CucumberRunner@645aa696</td></tr>
<tr>
<td title='com.sdetlabs.cucumber.runner.CucumberRunner.runScenario()'><b>runScenario</b><br>Test class: com.sdetlabs.cucumber.runner.CucumberRunner<br>Test method: Runs Cucumber Scenarios<br>Parameters: "Verify Status Codes of Rest Assured Requests to Json Place Holder site.", "JsonPlaceHolder"</td>
<td></td>
<td>0</td>
<td>com.sdetlabs.cucumber.runner.CucumberRunner@645aa696</td></tr>
<tr>
<td title='com.sdetlabs.cucumber.runner.CucumberRunner.runScenario()'><b>runScenario</b><br>Test class: com.sdetlabs.cucumber.runner.CucumberRunner<br>Test method: Runs Cucumber Scenarios<br>Parameters: "Verify Status Codes of Rest Assured Requests to Json Place Holder site.", "JsonPlaceHolder"</td>
<td></td>
<td>0</td>
<td>com.sdetlabs.cucumber.runner.CucumberRunner@645aa696</td></tr>
<tr>
<td title='com.sdetlabs.cucumber.runner.CucumberRunner.runScenario()'><b>runScenario</b><br>Test class: com.sdetlabs.cucumber.runner.CucumberRunner<br>Test method: Runs Cucumber Scenarios<br>Parameters: "Verify Status Codes of Rest Assured Requests to Json Place Holder site.", "JsonPlaceHolder"</td>
<td></td>
<td>0</td>
<td>com.sdetlabs.cucumber.runner.CucumberRunner@645aa696</td></tr>
</table><p>
</body>
</html>