<?xml version="1.0" encoding="UTF-8"?>
<!-- Generated by org.testng.reporters.JUnitReportReporter -->
<testsuite hostname="DVCINH6098168" failures="1" tests="7" name="com.sdetlabs.cucumber.runner.CucumberRunner" time="7.048" errors="0" timestamp="22 Oct 2023 18:12:35 GMT">
  <testcase classname="com.sdetlabs.cucumber.runner.CucumberRunner" name="runScenario" time="0.784"/>
  <testcase classname="com.sdetlabs.cucumber.runner.CucumberRunner" name="runScenario" time="1.942"/>
  <testcase classname="com.sdetlabs.cucumber.runner.CucumberRunner" name="runScenario" time="1.433"/>
  <testcase classname="com.sdetlabs.cucumber.runner.CucumberRunner" name="runScenario" time="0.621"/>
  <testcase classname="com.sdetlabs.cucumber.runner.CucumberRunner" name="runScenario" time="0.685"/>
  <testcase classname="com.sdetlabs.cucumber.runner.CucumberRunner" name="runScenario" time="0.606"/>
  <testcase classname="com.sdetlabs.cucumber.runner.CucumberRunner" name="runScenario" time="0.977">
    <failure message="expected [201] but found [500]" type="java.lang.AssertionError">
      <![CDATA[java.lang.AssertionError: expected [201] but found [500]
	at org.testng.Assert.fail(Assert.java:94)
	at org.testng.Assert.failNotEquals(Assert.java:513)
	at org.testng.Assert.assertEqualsImpl(Assert.java:135)
	at org.testng.Assert.assertEquals(Assert.java:116)
	at org.testng.Assert.assertEquals(Assert.java:179)
	at com.sdetlabs.cucumber.stepdefinitions.StepDefinitions.the_status_code_should_be(StepDefinitions.java:56)
	at âœ½.the status code should be 201(classpath:features/Calculator.feature:6)
]]>
    </failure>
  </testcase> <!-- runScenario -->
</testsuite> <!-- com.sdetlabs.cucumber.runner.CucumberRunner -->
